2020-08-03 22:25:24,989 INFO [org.springframework.test.context.support.DefaultTestContextBootstrapper] -Loaded default TestExecutionListener class names from location [META-INF/spring.factories]: [org.springframework.test.context.web.ServletTestExecutionListener, org.springframework.test.context.support.DirtiesContextBeforeModesTestExecutionListener, org.springframework.test.context.support.DependencyInjectionTestExecutionListener, org.springframework.test.context.support.DirtiesContextTestExecutionListener, org.springframework.test.context.transaction.TransactionalTestExecutionListener, org.springframework.test.context.jdbc.SqlScriptsTestExecutionListener]
2020-08-03 22:25:25,054 INFO [org.springframework.test.context.support.DefaultTestContextBootstrapper] -Using TestExecutionListeners: [org.springframework.test.context.web.ServletTestExecutionListener@2a2d45ba, org.springframework.test.context.support.DirtiesContextBeforeModesTestExecutionListener@2a5ca609, org.springframework.test.context.support.DependencyInjectionTestExecutionListener@20e2cbe0, org.springframework.test.context.support.DirtiesContextTestExecutionListener@68be2bc2, org.springframework.test.context.transaction.TransactionalTestExecutionListener@28feb3fa, org.springframework.test.context.jdbc.SqlScriptsTestExecutionListener@675d3402]
2020-08-03 22:25:25,232 INFO [org.springframework.beans.factory.xml.XmlBeanDefinitionReader] -Loading XML bean definitions from class path resource [spring-context.xml]
2020-08-03 22:25:25,860 INFO [org.springframework.beans.factory.xml.XmlBeanDefinitionReader] -Loading XML bean definitions from class path resource [spring-context-druid.xml]
2020-08-03 22:25:25,916 INFO [org.springframework.beans.factory.xml.XmlBeanDefinitionReader] -Loading XML bean definitions from class path resource [spring-context-mybatis.xml]
2020-08-03 22:25:25,971 INFO [org.springframework.context.support.GenericApplicationContext] -Refreshing org.springframework.context.support.GenericApplicationContext@6e1567f1: startup date [Mon Aug 03 22:25:25 CST 2020]; root of context hierarchy
2020-08-03 22:25:26,982 INFO [com.alibaba.druid.pool.DruidDataSource] -{dataSource-1} inited
2020-08-03 22:25:27,697 INFO [org.springframework.context.support.GenericApplicationContext] -Closing org.springframework.context.support.GenericApplicationContext@6e1567f1: startup date [Mon Aug 03 22:25:25 CST 2020]; root of context hierarchy
2020-08-03 22:25:27,702 INFO [com.alibaba.druid.pool.DruidDataSource] -{dataSource-1} closed
2020-08-03 22:25:55,889 INFO [org.springframework.test.context.support.DefaultTestContextBootstrapper] -Loaded default TestExecutionListener class names from location [META-INF/spring.factories]: [org.springframework.test.context.web.ServletTestExecutionListener, org.springframework.test.context.support.DirtiesContextBeforeModesTestExecutionListener, org.springframework.test.context.support.DependencyInjectionTestExecutionListener, org.springframework.test.context.support.DirtiesContextTestExecutionListener, org.springframework.test.context.transaction.TransactionalTestExecutionListener, org.springframework.test.context.jdbc.SqlScriptsTestExecutionListener]
2020-08-03 22:25:55,913 INFO [org.springframework.test.context.support.DefaultTestContextBootstrapper] -Using TestExecutionListeners: [org.springframework.test.context.web.ServletTestExecutionListener@2a2d45ba, org.springframework.test.context.support.DirtiesContextBeforeModesTestExecutionListener@2a5ca609, org.springframework.test.context.support.DependencyInjectionTestExecutionListener@20e2cbe0, org.springframework.test.context.support.DirtiesContextTestExecutionListener@68be2bc2, org.springframework.test.context.transaction.TransactionalTestExecutionListener@28feb3fa, org.springframework.test.context.jdbc.SqlScriptsTestExecutionListener@675d3402]
2020-08-03 22:25:56,002 INFO [org.springframework.beans.factory.xml.XmlBeanDefinitionReader] -Loading XML bean definitions from class path resource [spring-context.xml]
2020-08-03 22:25:56,246 INFO [org.springframework.beans.factory.xml.XmlBeanDefinitionReader] -Loading XML bean definitions from class path resource [spring-context-druid.xml]
2020-08-03 22:25:56,289 INFO [org.springframework.beans.factory.xml.XmlBeanDefinitionReader] -Loading XML bean definitions from class path resource [spring-context-mybatis.xml]
2020-08-03 22:25:56,312 INFO [org.springframework.context.support.GenericApplicationContext] -Refreshing org.springframework.context.support.GenericApplicationContext@6e1567f1: startup date [Mon Aug 03 22:25:56 CST 2020]; root of context hierarchy
2020-08-03 22:25:57,058 INFO [com.alibaba.druid.pool.DruidDataSource] -{dataSource-1} inited
2020-08-03 22:25:57,483 INFO [org.springframework.context.support.GenericApplicationContext] -Closing org.springframework.context.support.GenericApplicationContext@6e1567f1: startup date [Mon Aug 03 22:25:56 CST 2020]; root of context hierarchy
2020-08-03 22:25:57,487 INFO [com.alibaba.druid.pool.DruidDataSource] -{dataSource-1} closed
2020-08-03 22:51:21,437 INFO [org.springframework.test.context.support.DefaultTestContextBootstrapper] -Loaded default TestExecutionListener class names from location [META-INF/spring.factories]: [org.springframework.test.context.web.ServletTestExecutionListener, org.springframework.test.context.support.DirtiesContextBeforeModesTestExecutionListener, org.springframework.test.context.support.DependencyInjectionTestExecutionListener, org.springframework.test.context.support.DirtiesContextTestExecutionListener, org.springframework.test.context.transaction.TransactionalTestExecutionListener, org.springframework.test.context.jdbc.SqlScriptsTestExecutionListener]
2020-08-03 22:51:21,458 INFO [org.springframework.test.context.support.DefaultTestContextBootstrapper] -Using TestExecutionListeners: [org.springframework.test.context.web.ServletTestExecutionListener@2a2d45ba, org.springframework.test.context.support.DirtiesContextBeforeModesTestExecutionListener@2a5ca609, org.springframework.test.context.support.DependencyInjectionTestExecutionListener@20e2cbe0, org.springframework.test.context.support.DirtiesContextTestExecutionListener@68be2bc2, org.springframework.test.context.transaction.TransactionalTestExecutionListener@28feb3fa, org.springframework.test.context.jdbc.SqlScriptsTestExecutionListener@675d3402]
2020-08-03 22:51:21,536 INFO [org.springframework.beans.factory.xml.XmlBeanDefinitionReader] -Loading XML bean definitions from class path resource [spring-context.xml]
2020-08-03 22:51:21,755 INFO [org.springframework.beans.factory.xml.XmlBeanDefinitionReader] -Loading XML bean definitions from class path resource [spring-context-druid.xml]
2020-08-03 22:51:21,792 INFO [org.springframework.beans.factory.xml.XmlBeanDefinitionReader] -Loading XML bean definitions from class path resource [spring-context-mybatis.xml]
2020-08-03 22:51:21,814 INFO [org.springframework.context.support.GenericApplicationContext] -Refreshing org.springframework.context.support.GenericApplicationContext@6e1567f1: startup date [Mon Aug 03 22:51:21 CST 2020]; root of context hierarchy
2020-08-03 22:51:22,486 INFO [com.alibaba.druid.pool.DruidDataSource] -{dataSource-1} inited
2020-08-03 22:51:22,855 INFO [org.springframework.context.support.GenericApplicationContext] -Closing org.springframework.context.support.GenericApplicationContext@6e1567f1: startup date [Mon Aug 03 22:51:21 CST 2020]; root of context hierarchy
2020-08-03 22:51:22,858 INFO [com.alibaba.druid.pool.DruidDataSource] -{dataSource-1} closed
